<?xml version="1.0" encoding="UTF-8"?>
<testsuite xmlns:xsi="http://www.w3.org/2001/XMLSchema-instance" xsi:noNamespaceSchemaLocation="https://maven.apache.org/surefire/maven-surefire-plugin/xsd/surefire-test-report-3.0.xsd" version="3.0" name="com.settingupjunit.BankAccountTest" time="0.102" tests="4" errors="0" skipped="0" failures="0">
  <properties>
    <property name="java.specification.version" value="17"/>
    <property name="sun.cpu.isalist" value="amd64"/>
    <property name="sun.jnu.encoding" value="Cp1252"/>
    <property name="java.class.path" value="C:\Users\vigne\OneDrive\Desktop\cognizant\ProblemSolving\[week-2]JunitBasicTesting\1.SettingUpJunit\junitexample\target\test-classes;C:\Users\vigne\OneDrive\Desktop\cognizant\ProblemSolving\[week-2]JunitBasicTesting\1.SettingUpJunit\junitexample\target\classes;C:\Users\vigne\.m2\repository\junit\junit\4.13.2\junit-4.13.2.jar;C:\Users\vigne\.m2\repository\org\hamcrest\hamcrest-core\1.3\hamcrest-core-1.3.jar;"/>
    <property name="java.vm.vendor" value="Oracle Corporation"/>
    <property name="sun.arch.data.model" value="64"/>
    <property name="user.variant" value=""/>
    <property name="java.vendor.url" value="https://java.oracle.com/"/>
    <property name="user.timezone" value="Asia/Calcutta"/>
    <property name="os.name" value="Windows 11"/>
    <property name="java.vm.specification.version" value="17"/>
    <property name="user.country" value="IN"/>
    <property name="sun.java.launcher" value="SUN_STANDARD"/>
    <property name="sun.boot.library.path" value="C:\Program Files\Java\jdk-17\bin"/>
    <property name="sun.java.command" value="C:\Users\vigne\AppData\Local\Temp\surefire10984330767449003748\surefirebooter-20250626224728023_3.jar C:\Users\vigne\AppData\Local\Temp\surefire10984330767449003748 2025-06-26T22-47-27_750-jvmRun1 surefire-20250626224728023_1tmp surefire_0-20250626224728023_2tmp"/>
    <property name="jdk.debug" value="release"/>
    <property name="test" value="com.settingupjunit.BankAccountTest"/>
    <property name="surefire.test.class.path" value="C:\Users\vigne\OneDrive\Desktop\cognizant\ProblemSolving\[week-2]JunitBasicTesting\1.SettingUpJunit\junitexample\target\test-classes;C:\Users\vigne\OneDrive\Desktop\cognizant\ProblemSolving\[week-2]JunitBasicTesting\1.SettingUpJunit\junitexample\target\classes;C:\Users\vigne\.m2\repository\junit\junit\4.13.2\junit-4.13.2.jar;C:\Users\vigne\.m2\repository\org\hamcrest\hamcrest-core\1.3\hamcrest-core-1.3.jar;"/>
    <property name="sun.cpu.endian" value="little"/>
    <property name="user.home" value="C:\Users\vigne"/>
    <property name="user.language" value="en"/>
    <property name="java.specification.vendor" value="Oracle Corporation"/>
    <property name="java.version.date" value="2024-01-16"/>
    <property name="java.home" value="C:\Program Files\Java\jdk-17"/>
    <property name="file.separator" value="\"/>
    <property name="basedir" value="C:\Users\vigne\OneDrive\Desktop\cognizant\ProblemSolving\[week-2]JunitBasicTesting\1.SettingUpJunit\junitexample"/>
    <property name="java.vm.compressedOopsMode" value="32-bit"/>
    <property name="line.separator" value="&#10;"/>
    <property name="java.vm.specification.vendor" value="Oracle Corporation"/>
    <property name="java.specification.name" value="Java Platform API Specification"/>
    <property name="surefire.real.class.path" value="C:\Users\vigne\AppData\Local\Temp\surefire10984330767449003748\surefirebooter-20250626224728023_3.jar"/>
    <property name="user.script" value=""/>
    <property name="sun.management.compiler" value="HotSpot 64-Bit Tiered Compilers"/>
    <property name="java.runtime.version" value="17.0.10+11-LTS-240"/>
    <property name="user.name" value="vigne"/>
    <property name="path.separator" value=";"/>
    <property name="os.version" value="10.0"/>
    <property name="java.runtime.name" value="Java(TM) SE Runtime Environment"/>
    <property name="file.encoding" value="Cp1252"/>
    <property name="java.vm.name" value="Java HotSpot(TM) 64-Bit Server VM"/>
    <property name="maven.ext.class.path" value="C:\Users\vigne\.vscode\extensions\oracle.oracle-java-24.0.0\nbcode\java\maven-nblib\netbeans-eventspy.jar"/>
    <property name="localRepository" value="C:\Users\vigne\.m2\repository"/>
    <property name="java.vendor.url.bug" value="https://bugreport.java.com/bugreport/"/>
    <property name="java.io.tmpdir" value="C:\Users\vigne\AppData\Local\Temp\"/>
    <property name="java.version" value="17.0.10"/>
    <property name="user.dir" value="C:\Users\vigne\OneDrive\Desktop\cognizant\ProblemSolving\[week-2]JunitBasicTesting\1.SettingUpJunit\junitexample"/>
    <property name="os.arch" value="amd64"/>
    <property name="java.vm.specification.name" value="Java Virtual Machine Specification"/>
    <property name="sun.os.patch.level" value=""/>
    <property name="native.encoding" value="Cp1252"/>
    <property name="java.library.path" value="C:\Program Files\Java\jdk-17\bin;C:\WINDOWS\Sun\Java\bin;C:\WINDOWS\system32;C:\WINDOWS;C:\Program Files\Java\jdk-17\bin;C:\Program Files (x86)\Common Files\Oracle\Java\javapath;C:\oracle\product\10.2.0\db_1\bin;C:\Program Files\Common Files\Oracle\Java\javapath;C:\windows\system32;C:\windows;C:\windows\System32\Wbem;C:\windows\System32\WindowsPowerShell\v1.0\;C:\windows\System32\OpenSSH\;C:\Program Files (x86)\NVIDIA Corporation\PhysX\Common;C:\Program Files\NVIDIA Corporation\NVIDIA NvDLISR;C:\Users\Administrator\AppData\Local\Microsoft\WindowsApps;C:\Program Files\HP\OMEN-Broadcast\Common;C:\Program Files\dotnet\;C:\Program Files\Java\jdk-17\bin;C:\WINDOWS\system32;C:\WINDOWS;C:\WINDOWS\System32\Wbem;C:\WINDOWS\System32\WindowsPowerShell\v1.0\;C:\WINDOWS\System32\OpenSSH\;C:\Users\vigne\Downloads\openlogic-openjdk-22.0.2+9-windows-x64\openlogic-openjdk-22.0.2+9-windows-x64\bin;C:\Program Files\Git\cmd;C:\Program Files\apache-maven-3.9.10-bin\apache-maven-3.9.10\bin;C:\Users\vigne\AppData\Local\Microsoft\WindowsApps;C:\Users\vigne\.dotnet\tools;C:\Users\vigne\AppData\Local\Programs\Microsoft VS Code\bin;C:\Users\vigne\Downloads\openlogic-openjdk-22.0.2+9-windows-x64\openlogic-openjdk-22.0.2+9-windows-x64\bin;C:\Users\vigne\AppData\Local\GitHubDesktop\bin;."/>
    <property name="java.vm.info" value="mixed mode, sharing"/>
    <property name="java.vendor" value="Oracle Corporation"/>
    <property name="java.vm.version" value="17.0.10+11-LTS-240"/>
    <property name="sun.io.unicode.encoding" value="UnicodeLittle"/>
    <property name="java.class.version" value="61.0"/>
  </properties>
  <testcase name="testWithdraw" classname="com.settingupjunit.BankAccountTest" time="0.005"/>
  <testcase name="testDepositNegativeAmount" classname="com.settingupjunit.BankAccountTest" time="0.0"/>
  <testcase name="testWithdrawMoreThanBalance" classname="com.settingupjunit.BankAccountTest" time="0.0"/>
  <testcase name="testDeposit" classname="com.settingupjunit.BankAccountTest" time="0.0"/>
</testsuite>